\BOOKMARK [0][-]{chapter.1}{Introducci\363n}{}% 1
\BOOKMARK [1][-]{section.1.1}{Identificaci\363n del problema}{chapter.1}% 2
\BOOKMARK [1][-]{section.1.2}{Objetivos}{chapter.1}% 3
\BOOKMARK [2][-]{subsection.1.2.1}{Objetivos espec\355ficos}{section.1.2}% 4
\BOOKMARK [0][-]{chapter.2}{Estado del arte}{}% 5
\BOOKMARK [1][-]{section.2.1}{Particle Swarm Optimization}{chapter.2}% 6
\BOOKMARK [1][-]{section.2.2}{Velocidad del viento}{chapter.2}% 7
\BOOKMARK [2][-]{subsection.2.2.1}{Distribuci\363n de Weibull}{section.2.2}% 8
\BOOKMARK [2][-]{subsection.2.2.2}{M\351todos num\351ricos}{section.2.2}% 9
\BOOKMARK [2][-]{subsection.2.2.3}{Particle Swarm Optimization}{section.2.2}% 10
\BOOKMARK [1][-]{section.2.3}{Direcci\363n del viento}{chapter.2}% 11
\BOOKMARK [0][-]{chapter.3}{Desarrollo de la soluci\363n}{}% 12
\BOOKMARK [1][-]{section.3.1}{Velocidad del viento}{chapter.3}% 13
\BOOKMARK [2][-]{subsection.3.1.1}{Modelo Matem\341tico}{section.3.1}% 14
\BOOKMARK [2][-]{subsection.3.1.2}{Representaci\363n}{section.3.1}% 15
\BOOKMARK [2][-]{subsection.3.1.3}{Descripci\363n del algoritmo}{section.3.1}% 16
\BOOKMARK [2][-]{subsection.3.1.4}{Experimentos}{section.3.1}% 17
\BOOKMARK [1][-]{section.3.2}{Direcci\363n del viento}{chapter.3}% 18
\BOOKMARK [2][-]{subsection.3.2.1}{Modelo Matem\341tico}{section.3.2}% 19
\BOOKMARK [2][-]{subsection.3.2.2}{Representaci\363n}{section.3.2}% 20
\BOOKMARK [2][-]{subsection.3.2.3}{Descripci\363n del algoritmo}{section.3.2}% 21
\BOOKMARK [2][-]{subsection.3.2.4}{Experimentos}{section.3.2}% 22
\BOOKMARK [0][-]{chapter.4}{An\341lisis y conclusiones}{}% 23
\BOOKMARK [1][-]{section.4.1}{Resultados y conclusiones}{chapter.4}% 24
\BOOKMARK [2][-]{subsection.4.1.1}{An\341lisis de los resultados}{section.4.1}% 25
\BOOKMARK [2][-]{subsection.4.1.2}{Conclusiones}{section.4.1}% 26
\BOOKMARK [0][-]{subsection.4.1.2}{Bibliography}{}% 27
